Arguments: 
  C:\Program Files\nodejs\node.exe C:\Program Files (x86)\Yarn\bin\yarn.js add node=sass

PATH: 
  C:\Program Files\Git\mingw64\bin;C:\Program Files\Git\usr\bin;C:\Users\Hei-OPM\bin;C:\Windows\system32;C:\Windows;C:\Windows\System32\Wbem;C:\Windows\System32\WindowsPowerShell\v1.0;C:\Windows\System32\OpenSSH;C:\Program Files\nodejs;C:\Program Files (x86)\CrSSL\bin;C:\Program Files\Git\cmd;C:\Program Files\PuTTY;C:\Program Files (x86)\Yarn\bin;C:\Users\Hei-OPM\AppData\Local\Programs\Python\Python38-32\Scripts;C:\Users\Hei-OPM\AppData\Local\Programs\Python\Python38-32;C:\Users\Hei-OPM\AppData\Local\Microsoft\WindowsApps;C:\Users\Hei-OPM\AppData\Local\Programs\Microsoft VS Code\bin;C:\Users\Hei-OPM\AppData\Roaming\npm;C:\Users\Hei-OPM\AppData\Local\Yarn\bin

Yarn version: 
  1.22.4

Node version: 
  12.16.1

Platform: 
  win32 x64

Trace: 
  Error: https://registry.yarnpkg.com/node=sass: Not found
      at Request.params.callback [as _callback] (C:\Program Files (x86)\Yarn\lib\cli.js:66096:18)
      at Request.self.callback (C:\Program Files (x86)\Yarn\lib\cli.js:140748:22)
      at Request.emit (events.js:311:20)
      at Request.<anonymous> (C:\Program Files (x86)\Yarn\lib\cli.js:141720:10)
      at Request.emit (events.js:311:20)
      at IncomingMessage.<anonymous> (C:\Program Files (x86)\Yarn\lib\cli.js:141642:12)
      at Object.onceWrapper (events.js:417:28)
      at IncomingMessage.emit (events.js:323:22)
      at endReadableNT (_stream_readable.js:1204:12)
      at processTicksAndRejections (internal/process/task_queues.js:84:21)

npm manifest: 
  {
    "name": "basic-stack",
    "version": "1.0.0",
    "description": "",
    "main": "index.js",
    "scripts": {
      "build": "webpack",
      "build-prod": "webpack -p --config webpack.prod.config.js",
      "start": "webpack-dev-server"
    },
    "keywords": [],
    "author": "Bojan Aleksic",
    "license": "MIT",
    "devDependencies": {
      "autoprefixer": "^7.2.5",
      "babel-core": "^6.26.0",
      "babel-loader": "^7.1.2",
      "babel-polyfill": "^6.26.0",
      "babel-preset-env": "^1.6.1",
      "babel-preset-react": "^6.24.1",
      "babel-preset-stage-0": "^6.24.1",
      "clean-webpack-plugin": "^0.1.18",
      "css-loader": "^0.28.9",
      "cssnano": "^3.10.0",
      "extract-text-webpack-plugin": "^3.0.2",
      "file-loader": "^1.1.6",
      "html-loader": "^0.5.5",
      "html-webpack-plugin": "^2.30.1",
      "node-sass": "^4.7.2",
      "postcss-cssnext": "^3.1.0",
      "postcss-loader": "^2.0.10",
      "react-hot-loader": "^3.1.3",
      "redux-freeze": "^0.1.5",
      "sass-loader": "^6.0.6",
      "style-loader": "^0.20.1",
      "webpack": "^3.10.0",
      "webpack-dev-server": "^2.11.1"
    },
    "dependencies": {
      "axios": "^0.17.1",
      "material-ui": "^0.20.0",
      "prop-types": "^15.6.0",
      "react": "^16.2.0",
      "react-dom": "^16.2.0",
      "react-redux": "^5.0.6",
      "react-router": "^3.0.2",
      "react-router-redux": "^4.0.8",
      "redux": "^3.7.2",
      "redux-saga": "^0.16.0",
      "reselect": "^3.0.1"
    }
  }

yarn manifest: 
  No manifest

Lockfile: 
  No lockfile
